Arguments: 
  /Users/noah.hong/.nvm/versions/node/v12.18.3/bin/node /usr/local/Cellar/yarn/1.22.5/libexec/bin/yarn.js add ph-pages --dev

PATH: 
  /Users/noah.hong/.yarn/bin:/Users/noah.hong/.nvm/versions/node/v12.18.3/bin:/Users/noah.hong/.jenv/shims:/Users/noah.hong/.jenv/bin:/usr/local/bin:/usr/bin:/bin:/usr/sbin:/sbin:/usr/local/opt/fzf/bin

Yarn version: 
  1.22.5

Node version: 
  12.18.3

Platform: 
  darwin x64

Trace: 
  Error: https://registry.yarnpkg.com/ph-pages: Not found
      at Request.params.callback [as _callback] (/usr/local/Cellar/yarn/1.22.5/libexec/lib/cli.js:66988:18)
      at Request.self.callback (/usr/local/Cellar/yarn/1.22.5/libexec/lib/cli.js:140749:22)
      at Request.emit (events.js:315:20)
      at Request.<anonymous> (/usr/local/Cellar/yarn/1.22.5/libexec/lib/cli.js:141721:10)
      at Request.emit (events.js:315:20)
      at IncomingMessage.<anonymous> (/usr/local/Cellar/yarn/1.22.5/libexec/lib/cli.js:141643:12)
      at Object.onceWrapper (events.js:421:28)
      at IncomingMessage.emit (events.js:327:22)
      at endReadableNT (_stream_readable.js:1220:12)
      at processTicksAndRejections (internal/process/task_queues.js:84:21)

npm manifest: 
  {
  	"scripts": {
  		"deploy": "gatsby build && gh-pages -d public -b master"
  	}
  }

yarn manifest: 
  No manifest

Lockfile: 
  No lockfile
